<?xml version="1.0" encoding="UTF-8"?>
<!-- Generated by org.testng.reporters.JUnitReportReporter -->
<testsuite hostname="LENOVO-G50" failures="0" tests="1" name="Testclasses.BaseTest" time="0.011" errors="0" timestamp="2024-05-01T10:50:28 IST" skipped="0">
  <testcase classname="Testclasses.BaseTest" name="run" time="0.011"/>
  <system-out/>
</testsuite> <!-- Testclasses.BaseTest -->
